\BOOKMARK [0][-]{chapter.1}{The\040cultural\040origins\040of\040language}{}% 1
\BOOKMARK [0][-]{chapter.2}{Iterated\040Learning}{}% 2
\BOOKMARK [1][-]{section.2.1}{Early\040iterated\040learning\040models}{chapter.2}% 3
\BOOKMARK [1][-]{section.2.2}{Iterated\040learning\040with\040Bayesian\040agents}{chapter.2}% 4
\BOOKMARK [1][-]{section.2.3}{Convergence\040to\040the\040prior}{chapter.2}% 5
\BOOKMARK [1][-]{section.2.4}{Convergent\040controversy}{chapter.2}% 6
\BOOKMARK [1][-]{section.2.5}{Conclusions}{chapter.2}% 7
\BOOKMARK [0][-]{chapter.3}{Naming\040Games}{}% 8
\BOOKMARK [1][-]{section.3.1}{The\040basic\040naming\040game}{chapter.3}% 9
\BOOKMARK [1][-]{section.3.2}{The\040minimal\040strategy}{chapter.3}% 10
\BOOKMARK [1][-]{section.3.3}{Lateral\040inhibition\040strategies}{chapter.3}% 11
\BOOKMARK [1][-]{section.3.4}{Proof\040of\040convergence}{chapter.3}% 12
\BOOKMARK [1][-]{section.3.5}{Conclusions}{chapter.3}% 13
\BOOKMARK [0][-]{chapter.4}{Bayesian\040Language\040Games}{}% 14
\BOOKMARK [1][-]{section.4.1}{The\040Bayesian\040naming\040game}{chapter.4}% 15
\BOOKMARK [1][-]{section.4.2}{The\040Dirichlet-categorical\040naming\040game}{chapter.4}% 16
\BOOKMARK [1][-]{section.4.3}{Phenomenology\040of\040the\040dc\040naming\040game}{chapter.4}% 17
\BOOKMARK [1][-]{section.4.4}{Language\040and\040production\040strategies}{chapter.4}% 18
\BOOKMARK [1][-]{section.4.5}{Bayesian\040language\040games}{chapter.4}% 19
\BOOKMARK [1][-]{section.4.6}{Characterising\040Bayesian\040language\040games}{chapter.4}% 20
\BOOKMARK [1][-]{section.4.7}{Conclusions}{chapter.4}% 21
\BOOKMARK [0][-]{chapter.5}{Numeral\040systems}{}% 22
\BOOKMARK [1][-]{section.5.1}{Balancing\040expressivity\040and\040simplicity}{chapter.5}% 23
\BOOKMARK [1][-]{section.5.2}{An\040introduction\040to\040numeral\040systems}{chapter.5}% 24
\BOOKMARK [1][-]{section.5.3}{The\040evolution\040of\040numeral\040systems}{chapter.5}% 25
\BOOKMARK [1][-]{section.5.4}{Conclusions}{chapter.5}% 26
\BOOKMARK [0][-]{chapter.6}{Emergent\040numeral\040systems}{}% 27
\BOOKMARK [1][-]{section.6.1}{Hurford’s base games}{chapter.6}% 28
\BOOKMARK [1][-]{section.6.2}{Domain\040adaptivity\040in\040the\040base\040games}{chapter.6}% 29
\BOOKMARK [1][-]{section.6.3}{Counting\040games}{chapter.6}% 30
\BOOKMARK [1][-]{section.6.4}{Conclusions}{chapter.6}% 31
\BOOKMARK [0][-]{chapter.7}{Conclusions}{}% 32
\BOOKMARK [1][-]{section.7.1}{Main\040contributions}{chapter.7}% 33
\BOOKMARK [1][-]{section.7.2}{Future\040work}{chapter.7}% 34
\BOOKMARK [0][-]{Appendix*.88}{Appendices}{}% 35
\BOOKMARK [1][-]{section.1.7.A}{Converging\040Markov\040Chains}{Appendix*.88}% 36
\BOOKMARK [1][-]{section.1.7.B}{Lateral\040Inhibition\040Strategies}{Appendix*.88}% 37
\BOOKMARK [1][-]{section.1.7.C}{Mathematical\040details\040of\040Dirichlet-categorical\040ng}{Appendix*.88}% 38
\BOOKMARK [2][-]{subsection.1.7.C.1}{Dirichlet\040and\040categorical\040distributions}{section.1.7.C}% 39
\BOOKMARK [2][-]{subsection.1.7.C.2}{Exponentiated\040distributions}{section.1.7.C}% 40
\BOOKMARK [2][-]{subsection.1.7.C.3}{Measuring\040the\040distance\040between\040languages}{section.1.7.C}% 41
\BOOKMARK [2][-]{subsection.1.7.C.4}{Bayesian\040updating\040and\040lateral\040inhibition}{section.1.7.C}% 42
\BOOKMARK [1][-]{section.1.7.D}{Parameter\040space\040of\040the\040dc\040language\040game}{Appendix*.88}% 43
\BOOKMARK [1][-]{section.1.7.E}{A\040discrete\040Weibull\040model\040of\040population\040turnover}{Appendix*.88}% 44
\BOOKMARK [1][-]{section.1.7.F}{Reformulating\040the\040packing\040strategy}{Appendix*.88}% 45
\BOOKMARK [1][-]{section.1.7.G}{Base\040games}{Appendix*.88}% 46
\BOOKMARK [2][-]{subsection.1.7.G.1}{Implicit\040biases\040in\040the\040additive\040naming\040game}{section.1.7.G}% 47
\BOOKMARK [2][-]{subsection.1.7.G.2}{Properties\040of\040the\040additive\040base\040game}{section.1.7.G}% 48
\BOOKMARK [0][-]{chapter*.111}{Bibliography}{}% 49
